Using pre-set license
Built from '2020.3/staging' branch; Version is '2020.3.0f1 (c7b5465681fb) revision 13088070'; Using compiler version '192528614'; Build Type 'Release'
OS: 'Windows 10 Home; OS build 19041.1052; Version 2004; 64bit' Language: 'fr' Physical Memory: 8091 MB
BatchMode: 1, IsHumanControllingUs: 0, StartBugReporterOnCrash: 0, Is64bit: 1, IsPro: 0

 COMMAND LINE ARGUMENTS:
C:\Program Files\Unity\Hub\Editor\2020.3.0f1\Editor\Unity.exe
-adb2
-batchMode
-noUpm
-name
AssetImportWorker0
-projectPath
C:/Users/JiP/Documents/Unity/Github/SubmissionJrProgr/Programming-Theory-Repo/OOPillars
-logFile
Logs/AssetImportWorker0.log
-srvPort
61452
Successfully changed project path to: C:/Users/JiP/Documents/Unity/Github/SubmissionJrProgr/Programming-Theory-Repo/OOPillars
C:/Users/JiP/Documents/Unity/Github/SubmissionJrProgr/Programming-Theory-Repo/OOPillars
Using Asset Import Pipeline V2.
Refreshing native plugins compatible for Editor in 61.00 ms, found 0 plugins.
Preloading 0 native plugins for Editor in 0.00 ms.
Initialize engine version: 2020.3.0f1 (c7b5465681fb)
[Subsystems] Discovering subsystems at path C:/Program Files/Unity/Hub/Editor/2020.3.0f1/Editor/Data/Resources/UnitySubsystems
[Subsystems] Discovering subsystems at path C:/Users/JiP/Documents/Unity/Github/SubmissionJrProgr/Programming-Theory-Repo/OOPillars/Assets
GfxDevice: creating device client; threaded=0
Direct3D:
    Version:  Direct3D 11.0 [level 11.1]
    Renderer: Intel(R) HD Graphics 515 (ID=0x191e)
    Vendor:   
    VRAM:     4045 MB
    Driver:   26.20.100.7325
Initialize mono
Mono path[0] = 'C:/Program Files/Unity/Hub/Editor/2020.3.0f1/Editor/Data/Managed'
Mono path[1] = 'C:/Program Files/Unity/Hub/Editor/2020.3.0f1/Editor/Data/MonoBleedingEdge/lib/mono/unityjit'
Mono config path = 'C:/Program Files/Unity/Hub/Editor/2020.3.0f1/Editor/Data/MonoBleedingEdge/etc'
Using monoOptions --debugger-agent=transport=dt_socket,embedding=1,server=y,suspend=n,address=127.0.0.1:56984
Begin MonoManager ReloadAssembly
Registering precompiled unity dll's ...
Register platform support module: C:/Program Files/Unity/Hub/Editor/2020.3.0f1/Editor/Data/PlaybackEngines/WebGLSupport/UnityEditor.WebGL.Extensions.dll
Register platform support module: C:/Program Files/Unity/Hub/Editor/2020.3.0f1/Editor/Data/PlaybackEngines/WindowsStandaloneSupport/UnityEditor.WindowsStandalone.Extensions.dll
Registered in 0.006673 seconds.
Native extension for WindowsStandalone target not found
Native extension for WebGL target not found
Refreshing native plugins compatible for Editor in 60.93 ms, found 0 plugins.
Preloading 0 native plugins for Editor in 0.00 ms.
Invoked RoslynAnalysisRunner static constructor.
RoslynAnalysisRunner will not be running.
RoslynAnalysisRunner has terminated.
Mono: successfully reloaded assembly
- Completed reload, in  3.296 seconds
Platform modules already initialized, skipping
Registering precompiled user dll's ...
Registered in 0.006119 seconds.
Begin MonoManager ReloadAssembly
Native extension for WindowsStandalone target not found
Native extension for WebGL target not found
Refreshing native plugins compatible for Editor in 0.37 ms, found 0 plugins.
Preloading 0 native plugins for Editor in 0.00 ms.
Invoked RoslynAnalysisRunner static constructor.
RoslynAnalysisRunner will not be running.
RoslynAnalysisRunner has terminated.
Mono: successfully reloaded assembly
- Completed reload, in  2.254 seconds
Platform modules already initialized, skipping
========================================================================
Worker process is ready to serve import requests
Launched and connected shader compiler UnityShaderCompiler.exe after 0.12 seconds
Refreshing native plugins compatible for Editor in 0.34 ms, found 0 plugins.
Preloading 0 native plugins for Editor in 0.00 ms.
Unloading 1115 Unused Serialized files (Serialized files now loaded: 0)
System memory in use before: 57.4 MB.
System memory in use after: 57.5 MB.

Unloading 10 unused Assets to reduce memory usage. Loaded Objects now: 1558.
Total: 4.105200 ms (FindLiveObjects: 0.234800 ms CreateObjectMapping: 0.069300 ms MarkObjects: 3.610800 ms  DeleteObjects: 0.187300 ms)

========================================================================
Received Import Request.
  path: Assets/Materials
  artifactKey: Guid(2a049f68a17a1c9449776dae3b1abbfd) Importer(815301076,1909f56bfc062723c751e8b465ee728b)
Start importing Assets/Materials using Guid(2a049f68a17a1c9449776dae3b1abbfd) Importer(815301076,1909f56bfc062723c751e8b465ee728b)  -> (artifact id: '88b05134f227190746537d59054d2b6a') in 0.008851 seconds
  Import took 0.013107 seconds .

========================================================================
Received Import Request.
  Time since last request: 0.000613 seconds.
  path: Assets/Materials/texture 1.mat
  artifactKey: Guid(7fc694d6fa527cb4e943e1f20d7a6c4d) Importer(815301076,1909f56bfc062723c751e8b465ee728b)
Start importing Assets/Materials/texture 1.mat using Guid(7fc694d6fa527cb4e943e1f20d7a6c4d) Importer(815301076,1909f56bfc062723c751e8b465ee728b)  -> (artifact id: '4e06f088e004cd962f6bfe10dfbb2373') in 0.452872 seconds
  Import took 0.459763 seconds .

========================================================================
Received Import Request.
  Time since last request: 0.000795 seconds.
  path: Assets/Materials/texture 2.mat
  artifactKey: Guid(39f186fbac1e54c43a4488a588a0931f) Importer(815301076,1909f56bfc062723c751e8b465ee728b)
Start importing Assets/Materials/texture 2.mat using Guid(39f186fbac1e54c43a4488a588a0931f) Importer(815301076,1909f56bfc062723c751e8b465ee728b)  -> (artifact id: '49341d9f2f9d5f5ee220b3549203c55a') in 0.027086 seconds
  Import took 0.032771 seconds .

========================================================================
Received Import Request.
  Time since last request: 0.001032 seconds.
  path: Assets/Materials/texture 3.mat
  artifactKey: Guid(df4b2f0c7b924ed4cb1607c6b697e550) Importer(815301076,1909f56bfc062723c751e8b465ee728b)
Start importing Assets/Materials/texture 3.mat using Guid(df4b2f0c7b924ed4cb1607c6b697e550) Importer(815301076,1909f56bfc062723c751e8b465ee728b)  -> (artifact id: '555212dd990ee77d658ed2305e1ac70f') in 0.059054 seconds
  Import took 0.068283 seconds .

========================================================================
Received Import Request.
  Time since last request: 0.001142 seconds.
  path: Assets/Materials/texture.mat
  artifactKey: Guid(4b79a6a1f8a22f44e8a4b681c5df6168) Importer(815301076,1909f56bfc062723c751e8b465ee728b)
Start importing Assets/Materials/texture.mat using Guid(4b79a6a1f8a22f44e8a4b681c5df6168) Importer(815301076,1909f56bfc062723c751e8b465ee728b)  -> (artifact id: '13dbe339d3e8fceec706f15b5d7650af') in 0.027344 seconds
  Import took 0.034667 seconds .

========================================================================
Received Import Request.
  Time since last request: 0.045983 seconds.
  path: Assets/Materials/texture.mat
  artifactKey: Guid(4b79a6a1f8a22f44e8a4b681c5df6168) Importer(815301076,1909f56bfc062723c751e8b465ee728b)
Start importing Assets/Materials/texture.mat using Guid(4b79a6a1f8a22f44e8a4b681c5df6168) Importer(815301076,1909f56bfc062723c751e8b465ee728b)  -> (artifact id: '13dbe339d3e8fceec706f15b5d7650af') in 0.029044 seconds
  Import took 0.037261 seconds .

========================================================================
Received Import Request.
  Time since last request: 337.906128 seconds.
  path: Assets/Scripts/Carre.cs
  artifactKey: Guid(d0c069b9a1bcc254387bde28441fc1b0) Importer(815301076,1909f56bfc062723c751e8b465ee728b)
Start importing Assets/Scripts/Carre.cs using Guid(d0c069b9a1bcc254387bde28441fc1b0) Importer(815301076,1909f56bfc062723c751e8b465ee728b)  -> (artifact id: '8693efe690107bb6fbbb2b1c59b0a863') in 0.023245 seconds
  Import took 0.031902 seconds .

========================================================================
Received Prepare
Registering precompiled user dll's ...
Registered in 0.001779 seconds.
Begin MonoManager ReloadAssembly
Native extension for WindowsStandalone target not found
Native extension for WebGL target not found
Refreshing native plugins compatible for Editor in 0.62 ms, found 0 plugins.
Preloading 0 native plugins for Editor in 0.00 ms.
Invoked RoslynAnalysisRunner static constructor.
RoslynAnalysisRunner will not be running.
RoslynAnalysisRunner has terminated.
Mono: successfully reloaded assembly
- Completed reload, in  2.168 seconds
Platform modules already initialized, skipping
Refreshing native plugins compatible for Editor in 0.39 ms, found 0 plugins.
Preloading 0 native plugins for Editor in 0.00 ms.
Unloading 1110 Unused Serialized files (Serialized files now loaded: 0)
System memory in use before: 60.7 MB.
System memory in use after: 60.8 MB.

Unloading 5 unused Assets to reduce memory usage. Loaded Objects now: 1601.
Total: 3.070700 ms (FindLiveObjects: 0.249400 ms CreateObjectMapping: 0.071800 ms MarkObjects: 2.660100 ms  DeleteObjects: 0.086500 ms)

========================================================================
Received Prepare
Registering precompiled user dll's ...
Registered in 0.001491 seconds.
Begin MonoManager ReloadAssembly
Native extension for WindowsStandalone target not found
Native extension for WebGL target not found
Refreshing native plugins compatible for Editor in 0.41 ms, found 0 plugins.
Preloading 0 native plugins for Editor in 0.00 ms.
Invoked RoslynAnalysisRunner static constructor.
RoslynAnalysisRunner will not be running.
RoslynAnalysisRunner has terminated.
Mono: successfully reloaded assembly
- Completed reload, in  2.022 seconds
Platform modules already initialized, skipping
Refreshing native plugins compatible for Editor in 0.45 ms, found 0 plugins.
Preloading 0 native plugins for Editor in 0.00 ms.
Unloading 1110 Unused Serialized files (Serialized files now loaded: 0)
System memory in use before: 60.7 MB.
System memory in use after: 60.8 MB.

Unloading 5 unused Assets to reduce memory usage. Loaded Objects now: 1604.
Total: 2.686000 ms (FindLiveObjects: 0.236700 ms CreateObjectMapping: 0.055500 ms MarkObjects: 2.310300 ms  DeleteObjects: 0.081100 ms)

========================================================================
Received Prepare
Registering precompiled user dll's ...
Registered in 0.001966 seconds.
Begin MonoManager ReloadAssembly
Native extension for WindowsStandalone target not found
Native extension for WebGL target not found
Refreshing native plugins compatible for Editor in 0.30 ms, found 0 plugins.
Preloading 0 native plugins for Editor in 0.00 ms.
Invoked RoslynAnalysisRunner static constructor.
RoslynAnalysisRunner will not be running.
RoslynAnalysisRunner has terminated.
Mono: successfully reloaded assembly
- Completed reload, in  2.402 seconds
Platform modules already initialized, skipping
Refreshing native plugins compatible for Editor in 0.48 ms, found 0 plugins.
Preloading 0 native plugins for Editor in 0.00 ms.
Unloading 1110 Unused Serialized files (Serialized files now loaded: 0)
System memory in use before: 60.7 MB.
System memory in use after: 60.8 MB.

Unloading 5 unused Assets to reduce memory usage. Loaded Objects now: 1607.
Total: 2.802000 ms (FindLiveObjects: 0.300400 ms CreateObjectMapping: 0.082300 ms MarkObjects: 2.337300 ms  DeleteObjects: 0.079900 ms)

========================================================================
Received Prepare
Registering precompiled user dll's ...
Registered in 0.002906 seconds.
Begin MonoManager ReloadAssembly
Native extension for WindowsStandalone target not found
Native extension for WebGL target not found
Refreshing native plugins compatible for Editor in 0.43 ms, found 0 plugins.
Preloading 0 native plugins for Editor in 0.00 ms.
Invoked RoslynAnalysisRunner static constructor.
RoslynAnalysisRunner will not be running.
RoslynAnalysisRunner has terminated.
Mono: successfully reloaded assembly
- Completed reload, in  1.901 seconds
Platform modules already initialized, skipping
Refreshing native plugins compatible for Editor in 0.43 ms, found 0 plugins.
Preloading 0 native plugins for Editor in 0.00 ms.
Unloading 1110 Unused Serialized files (Serialized files now loaded: 0)
System memory in use before: 60.8 MB.
System memory in use after: 60.8 MB.

Unloading 5 unused Assets to reduce memory usage. Loaded Objects now: 1610.
Total: 2.720900 ms (FindLiveObjects: 0.304500 ms CreateObjectMapping: 0.078300 ms MarkObjects: 2.223500 ms  DeleteObjects: 0.111400 ms)

========================================================================
Received Prepare
Registering precompiled user dll's ...
Registered in 0.011904 seconds.
Begin MonoManager ReloadAssembly
Native extension for WindowsStandalone target not found
Native extension for WebGL target not found
Refreshing native plugins compatible for Editor in 0.85 ms, found 0 plugins.
Preloading 0 native plugins for Editor in 0.00 ms.
Invoked RoslynAnalysisRunner static constructor.
RoslynAnalysisRunner will not be running.
RoslynAnalysisRunner has terminated.
Mono: successfully reloaded assembly
- Completed reload, in  2.210 seconds
Platform modules already initialized, skipping
Refreshing native plugins compatible for Editor in 0.41 ms, found 0 plugins.
Preloading 0 native plugins for Editor in 0.00 ms.
Unloading 1110 Unused Serialized files (Serialized files now loaded: 0)
System memory in use before: 60.8 MB.
System memory in use after: 60.8 MB.

Unloading 5 unused Assets to reduce memory usage. Loaded Objects now: 1613.
Total: 3.184500 ms (FindLiveObjects: 0.245300 ms CreateObjectMapping: 0.092000 ms MarkObjects: 2.762300 ms  DeleteObjects: 0.082800 ms)

========================================================================
Received Import Request.
  Time since last request: 681.393792 seconds.
  path: Assets/Scripts/Carre.cs
  artifactKey: Guid(d0c069b9a1bcc254387bde28441fc1b0) Importer(815301076,1909f56bfc062723c751e8b465ee728b)
Start importing Assets/Scripts/Carre.cs using Guid(d0c069b9a1bcc254387bde28441fc1b0) Importer(815301076,1909f56bfc062723c751e8b465ee728b)  -> (artifact id: 'd0b66e9e3987bb19608dc2738ad1dccf') in 0.014891 seconds
  Import took 0.021151 seconds .

========================================================================
Received Import Request.
  Time since last request: 0.006679 seconds.
  path: Assets/Scripts/Carre.cs
  artifactKey: Guid(d0c069b9a1bcc254387bde28441fc1b0) Importer(815301076,1909f56bfc062723c751e8b465ee728b)
Start importing Assets/Scripts/Carre.cs using Guid(d0c069b9a1bcc254387bde28441fc1b0) Importer(815301076,1909f56bfc062723c751e8b465ee728b)  -> (artifact id: 'd0b66e9e3987bb19608dc2738ad1dccf') in 0.012989 seconds
  Import took 0.021673 seconds .

========================================================================
Received Prepare
Registering precompiled user dll's ...
Registered in 0.013173 seconds.
Begin MonoManager ReloadAssembly
Native extension for WindowsStandalone target not found
Native extension for WebGL target not found
Refreshing native plugins compatible for Editor in 0.61 ms, found 0 plugins.
Preloading 0 native plugins for Editor in 0.00 ms.
Invoked RoslynAnalysisRunner static constructor.
RoslynAnalysisRunner will not be running.
RoslynAnalysisRunner has terminated.
Mono: successfully reloaded assembly
- Completed reload, in  2.200 seconds
Platform modules already initialized, skipping
Refreshing native plugins compatible for Editor in 0.36 ms, found 0 plugins.
Preloading 0 native plugins for Editor in 0.00 ms.
Unloading 1110 Unused Serialized files (Serialized files now loaded: 0)
System memory in use before: 60.8 MB.
System memory in use after: 60.9 MB.

Unloading 5 unused Assets to reduce memory usage. Loaded Objects now: 1616.
Total: 3.425800 ms (FindLiveObjects: 0.351300 ms CreateObjectMapping: 0.096800 ms MarkObjects: 2.873800 ms  DeleteObjects: 0.101300 ms)

========================================================================
Received Prepare
Registering precompiled user dll's ...
Registered in 0.002354 seconds.
Begin MonoManager ReloadAssembly
Native extension for WindowsStandalone target not found
Native extension for WebGL target not found
Refreshing native plugins compatible for Editor in 0.44 ms, found 0 plugins.
Preloading 0 native plugins for Editor in 0.00 ms.
Invoked RoslynAnalysisRunner static constructor.
RoslynAnalysisRunner will not be running.
RoslynAnalysisRunner has terminated.
Mono: successfully reloaded assembly
- Completed reload, in  2.049 seconds
Platform modules already initialized, skipping
Refreshing native plugins compatible for Editor in 0.42 ms, found 0 plugins.
Preloading 0 native plugins for Editor in 0.00 ms.
Unloading 1110 Unused Serialized files (Serialized files now loaded: 0)
System memory in use before: 60.8 MB.
System memory in use after: 60.9 MB.

Unloading 5 unused Assets to reduce memory usage. Loaded Objects now: 1619.
Total: 2.580600 ms (FindLiveObjects: 0.239900 ms CreateObjectMapping: 0.087600 ms MarkObjects: 2.172600 ms  DeleteObjects: 0.078500 ms)

========================================================================
Received Prepare
Registering precompiled user dll's ...
Registered in 0.003804 seconds.
Begin MonoManager ReloadAssembly
Native extension for WindowsStandalone target not found
Native extension for WebGL target not found
Refreshing native plugins compatible for Editor in 0.41 ms, found 0 plugins.
Preloading 0 native plugins for Editor in 0.00 ms.
Invoked RoslynAnalysisRunner static constructor.
RoslynAnalysisRunner will not be running.
RoslynAnalysisRunner has terminated.
Mono: successfully reloaded assembly
- Completed reload, in  2.377 seconds
Platform modules already initialized, skipping
Refreshing native plugins compatible for Editor in 0.41 ms, found 0 plugins.
Preloading 0 native plugins for Editor in 0.00 ms.
Unloading 1110 Unused Serialized files (Serialized files now loaded: 0)
System memory in use before: 60.8 MB.
System memory in use after: 60.9 MB.

Unloading 5 unused Assets to reduce memory usage. Loaded Objects now: 1622.
Total: 3.211900 ms (FindLiveObjects: 0.236500 ms CreateObjectMapping: 0.067100 ms MarkObjects: 2.754700 ms  DeleteObjects: 0.129300 ms)

========================================================================
Received Prepare
Registering precompiled user dll's ...
Registered in 0.012116 seconds.
Begin MonoManager ReloadAssembly
Native extension for WindowsStandalone target not found
Native extension for WebGL target not found
Refreshing native plugins compatible for Editor in 0.58 ms, found 0 plugins.
Preloading 0 native plugins for Editor in 0.00 ms.
Invoked RoslynAnalysisRunner static constructor.
RoslynAnalysisRunner will not be running.
RoslynAnalysisRunner has terminated.
Mono: successfully reloaded assembly
- Completed reload, in  2.086 seconds
Platform modules already initialized, skipping
Refreshing native plugins compatible for Editor in 0.32 ms, found 0 plugins.
Preloading 0 native plugins for Editor in 0.00 ms.
Unloading 1110 Unused Serialized files (Serialized files now loaded: 0)
System memory in use before: 60.8 MB.
System memory in use after: 60.9 MB.

Unloading 5 unused Assets to reduce memory usage. Loaded Objects now: 1625.
Total: 3.017600 ms (FindLiveObjects: 0.231800 ms CreateObjectMapping: 0.073000 ms MarkObjects: 2.620700 ms  DeleteObjects: 0.088800 ms)

========================================================================
Received Prepare
Registering precompiled user dll's ...
Registered in 0.007968 seconds.
Begin MonoManager ReloadAssembly
Native extension for WindowsStandalone target not found
Native extension for WebGL target not found
Refreshing native plugins compatible for Editor in 0.43 ms, found 0 plugins.
Preloading 0 native plugins for Editor in 0.00 ms.
Invoked RoslynAnalysisRunner static constructor.
RoslynAnalysisRunner will not be running.
RoslynAnalysisRunner has terminated.
Mono: successfully reloaded assembly
- Completed reload, in  2.104 seconds
Platform modules already initialized, skipping
Refreshing native plugins compatible for Editor in 0.31 ms, found 0 plugins.
Preloading 0 native plugins for Editor in 0.00 ms.
Unloading 1110 Unused Serialized files (Serialized files now loaded: 0)
System memory in use before: 60.8 MB.
System memory in use after: 60.9 MB.

Unloading 5 unused Assets to reduce memory usage. Loaded Objects now: 1628.
Total: 4.038300 ms (FindLiveObjects: 0.357700 ms CreateObjectMapping: 0.067800 ms MarkObjects: 3.415800 ms  DeleteObjects: 0.193900 ms)

